12:57:47.629 [restartedMain] INFO  sys-user - [shutdownAsyncManager,62] - ====关闭后台任务任务线程池====
12:57:47.636 [restartedMain] INFO  sys-user - [shutdownEhCacheManager,75] - ====关闭缓存====
13:05:05.989 [Thread-4] INFO  sys-user - [shutdownSpringSessionValidationScheduler,45] - ====关闭会话验证任务====
13:05:05.993 [Thread-4] INFO  sys-user - [shutdownAsyncManager,62] - ====关闭后台任务任务线程池====
13:07:01.091 [restartedMain] INFO  sys-user - [shutdownAsyncManager,62] - ====关闭后台任务任务线程池====
13:07:01.093 [restartedMain] INFO  sys-user - [shutdownEhCacheManager,75] - ====关闭缓存====
13:07:33.197 [Thread-85] INFO  sys-user - [shutdownAsyncManager,62] - ====关闭后台任务任务线程池====
13:07:33.206 [Thread-85] INFO  sys-user - [shutdownEhCacheManager,75] - ====关闭缓存====
13:09:56.172 [Thread-115] INFO  sys-user - [shutdownAsyncManager,62] - ====关闭后台任务任务线程池====
13:09:56.199 [Thread-115] INFO  sys-user - [shutdownEhCacheManager,75] - ====关闭缓存====
13:10:58.624 [restartedMain] INFO  sys-user - [shutdownAsyncManager,62] - ====关闭后台任务任务线程池====
13:10:58.627 [restartedMain] INFO  sys-user - [shutdownEhCacheManager,75] - ====关闭缓存====
13:22:45.673 [Thread-42] INFO  sys-user - [shutdownSpringSessionValidationScheduler,45] - ====关闭会话验证任务====
13:22:45.690 [Thread-42] INFO  sys-user - [shutdownAsyncManager,62] - ====关闭后台任务任务线程池====
13:22:45.699 [Thread-42] INFO  sys-user - [shutdownEhCacheManager,75] - ====关闭缓存====
13:23:53.096 [Thread-3] INFO  sys-user - [shutdownSpringSessionValidationScheduler,45] - ====关闭会话验证任务====
13:23:53.097 [Thread-3] INFO  sys-user - [shutdownAsyncManager,62] - ====关闭后台任务任务线程池====
13:23:53.099 [Thread-3] INFO  sys-user - [shutdownEhCacheManager,75] - ====关闭缓存====
13:26:00.875 [Thread-54] INFO  sys-user - [shutdownSpringSessionValidationScheduler,45] - ====关闭会话验证任务====
13:26:00.878 [Thread-54] INFO  sys-user - [shutdownAsyncManager,62] - ====关闭后台任务任务线程池====
13:26:00.879 [Thread-54] INFO  sys-user - [shutdownEhCacheManager,75] - ====关闭缓存====
13:26:36.196 [Thread-65] INFO  sys-user - [shutdownSpringSessionValidationScheduler,45] - ====关闭会话验证任务====
13:26:36.198 [Thread-65] INFO  sys-user - [shutdownAsyncManager,62] - ====关闭后台任务任务线程池====
13:26:36.199 [Thread-65] INFO  sys-user - [shutdownEhCacheManager,75] - ====关闭缓存====
13:27:09.559 [schedule-pool-2] INFO  sys-user - [run,108] - [127.0.0.1]内网IP[admin][Success][登录成功]
13:27:48.177 [Thread-76] INFO  sys-user - [shutdownSpringSessionValidationScheduler,45] - ====关闭会话验证任务====
13:27:48.256 [Thread-76] INFO  sys-user - [shutdownAsyncManager,62] - ====关闭后台任务任务线程池====
13:27:48.257 [Thread-76] INFO  sys-user - [shutdownEhCacheManager,75] - ====关闭缓存====
13:29:41.256 [Thread-4] INFO  sys-user - [shutdownSpringSessionValidationScheduler,45] - ====关闭会话验证任务====
13:29:41.258 [Thread-4] INFO  sys-user - [shutdownAsyncManager,62] - ====关闭后台任务任务线程池====
13:29:41.260 [Thread-4] INFO  sys-user - [shutdownEhCacheManager,75] - ====关闭缓存====
13:30:03.893 [schedule-pool-2] INFO  sys-user - [run,108] - [127.0.0.1]内网IP[admin][Success][登录成功]
13:30:44.877 [schedule-pool-2] INFO  sys-user - [run,108] - [127.0.0.1]内网IP[admin][Logout][退出成功]
13:30:54.928 [schedule-pool-1] INFO  sys-user - [run,108] - [127.0.0.1]内网IP[admin][Success][登录成功]
13:40:55.578 [Thread-63] INFO  sys-user - [shutdownSpringSessionValidationScheduler,45] - ====关闭会话验证任务====
13:40:55.582 [Thread-63] INFO  sys-user - [shutdownAsyncManager,62] - ====关闭后台任务任务线程池====
13:40:55.583 [Thread-63] INFO  sys-user - [shutdownEhCacheManager,75] - ====关闭缓存====
